

============================== 2022-06-02 07:39:48.301538 | 1ff480a9-509f-45dd-aaf7-5572fb278a94 ==============================
07:39:48.301538 [info ] [MainThread]: Running with dbt=1.1.0
07:39:48.301538 [debug] [MainThread]: running dbt with arguments {'write_json': True, 'use_colors': True, 'printer_width': 80, 'version_check': True, 'partial_parse': True, 'static_parser': True, 'profiles_dir': 'C:\\Users\\ssaifali\\.dbt', 'send_anonymous_usage_stats': True, 'event_buffer_size': 100000, 'quiet': False, 'no_print': False, 'project_name': 'majorProjectSF', 'skip_profile_setup': False, 'which': 'init', 'indirect_selection': 'eager'}
07:39:48.317165 [debug] [MainThread]: Tracking: tracking
07:39:48.524222 [debug] [MainThread]: Sending event: {'category': 'dbt', 'action': 'invocation', 'label': 'start', 'context': [<snowplow_tracker.self_describing_json.SelfDescribingJson object at 0x0000020840F2F2E0>, <snowplow_tracker.self_describing_json.SelfDescribingJson object at 0x0000020840F2EF80>, <snowplow_tracker.self_describing_json.SelfDescribingJson object at 0x0000020840F2F280>]}
07:39:48.529317 [debug] [MainThread]: Starter project path: C:\Users\ssaifali\AppData\Local\Programs\Python\Python310\lib\site-packages\dbt\include\starter_project
07:44:21.429694 [info ] [MainThread]: Profile majorProjectSF written to C:\Users\ssaifali\.dbt\profiles.yml using target's profile_template.yml and your supplied values. Run 'dbt debug' to validate the connection.
07:44:21.429694 [info ] [MainThread]: 
Your new dbt project "majorProjectSF" was created!

For more information on how to configure the profiles.yml file,
please consult the dbt documentation here:

  https://docs.getdbt.com/docs/configure-your-profile

One more thing:

Need help? Don't hesitate to reach out to us via GitHub issues or on Slack:

  https://community.getdbt.com/

Happy modeling!

07:44:21.429694 [debug] [MainThread]: Sending event: {'category': 'dbt', 'action': 'invocation', 'label': 'end', 'context': [<snowplow_tracker.self_describing_json.SelfDescribingJson object at 0x0000020840ED7A00>, <snowplow_tracker.self_describing_json.SelfDescribingJson object at 0x0000020840F2FB80>, <snowplow_tracker.self_describing_json.SelfDescribingJson object at 0x0000020840F2F2E0>]}


============================== 2022-06-02 07:45:42.698645 | 90b9f32f-ad33-4d3e-b8bc-aa9522e63cbf ==============================
07:45:42.698645 [info ] [MainThread]: Running with dbt=1.1.0
07:45:42.698645 [debug] [MainThread]: running dbt with arguments {'write_json': True, 'use_colors': True, 'printer_width': 80, 'version_check': True, 'partial_parse': True, 'static_parser': True, 'profiles_dir': 'C:\\Users\\ssaifali\\.dbt', 'send_anonymous_usage_stats': True, 'event_buffer_size': 100000, 'quiet': False, 'no_print': False, 'config_dir': False, 'which': 'debug', 'indirect_selection': 'eager'}
07:45:42.698645 [debug] [MainThread]: Tracking: tracking
07:45:42.983458 [debug] [MainThread]: Sending event: {'category': 'dbt', 'action': 'invocation', 'label': 'start', 'context': [<snowplow_tracker.self_describing_json.SelfDescribingJson object at 0x0000019A6667F310>, <snowplow_tracker.self_describing_json.SelfDescribingJson object at 0x0000019A6667EF80>, <snowplow_tracker.self_describing_json.SelfDescribingJson object at 0x0000019A6667F280>]}
07:45:43.869605 [debug] [MainThread]: Executing "git --help"
07:45:43.970013 [debug] [MainThread]: STDOUT: "b"usage: git [--version] [--help] [-C <path>] [-c <name>=<value>]\n           [--exec-path[=<path>]] [--html-path] [--man-path] [--info-path]\n           [-p | --paginate | -P | --no-pager] [--no-replace-objects] [--bare]\n           [--git-dir=<path>] [--work-tree=<path>] [--namespace=<name>]\n           [--super-prefix=<path>] [--config-env=<name>=<envvar>]\n           <command> [<args>]\n\nThese are common Git commands used in various situations:\n\nstart a working area (see also: git help tutorial)\n   clone     Clone a repository into a new directory\n   init      Create an empty Git repository or reinitialize an existing one\n\nwork on the current change (see also: git help everyday)\n   add       Add file contents to the index\n   mv        Move or rename a file, a directory, or a symlink\n   restore   Restore working tree files\n   rm        Remove files from the working tree and from the index\n\nexamine the history and state (see also: git help revisions)\n   bisect    Use binary search to find the commit that introduced a bug\n   diff      Show changes between commits, commit and working tree, etc\n   grep      Print lines matching a pattern\n   log       Show commit logs\n   show      Show various types of objects\n   status    Show the working tree status\n\ngrow, mark and tweak your common history\n   branch    List, create, or delete branches\n   commit    Record changes to the repository\n   merge     Join two or more development histories together\n   rebase    Reapply commits on top of another base tip\n   reset     Reset current HEAD to the specified state\n   switch    Switch branches\n   tag       Create, list, delete or verify a tag object signed with GPG\n\ncollaborate (see also: git help workflows)\n   fetch     Download objects and refs from another repository\n   pull      Fetch from and integrate with another repository or a local branch\n   push      Update remote refs along with associated objects\n\n'git help -a' and 'git help -g' list available subcommands and some\nconcept guides. See 'git help <command>' or 'git help <concept>'\nto read about a specific subcommand or concept.\nSee 'git help git' for an overview of the system.\n""
07:45:43.970013 [debug] [MainThread]: STDERR: "b''"
07:45:43.970013 [debug] [MainThread]: Sending event: {'category': 'dbt', 'action': 'invocation', 'label': 'end', 'context': [<snowplow_tracker.self_describing_json.SelfDescribingJson object at 0x0000019A673D2650>, <snowplow_tracker.self_describing_json.SelfDescribingJson object at 0x0000019A673D31C0>, <snowplow_tracker.self_describing_json.SelfDescribingJson object at 0x0000019A673D3190>]}
